0 info it worked if it ends with ok
1 verbose cli [ '/home/jaime/.nvm/versions/node/v5.12.0/bin/node',
1 verbose cli   '/home/jaime/.nvm/versions/node/v5.12.0/bin/npm',
1 verbose cli   'publish' ]
2 info using npm@3.8.6
3 info using node@v5.12.0
4 verbose publish [ '.' ]
5 silly cache add args [ '.', null ]
6 verbose cache add spec .
7 silly cache add parsed spec Result {
7 silly cache add   raw: '.',
7 silly cache add   scope: null,
7 silly cache add   name: null,
7 silly cache add   rawSpec: '.',
7 silly cache add   spec: '/var/www/checkforce.js',
7 silly cache add   type: 'directory' }
8 verbose addLocalDirectory /home/jaime/.npm/checkforce.js/1.0.0/package.tgz not in flight; packing
9 verbose correctMkdir /home/jaime/.npm correctMkdir not in flight; initializing
10 info lifecycle checkforce.js@1.0.0~prepublish: checkforce.js@1.0.0
11 silly lifecycle checkforce.js@1.0.0~prepublish: no script for prepublish, continuing
12 verbose tar pack [ '/home/jaime/.npm/checkforce.js/1.0.0/package.tgz',
12 verbose tar pack   '/var/www/checkforce.js' ]
13 verbose tarball /home/jaime/.npm/checkforce.js/1.0.0/package.tgz
14 verbose folder /var/www/checkforce.js
15 verbose addLocalTarball adding from inside cache /home/jaime/.npm/checkforce.js/1.0.0/package.tgz
16 verbose correctMkdir /home/jaime/.npm correctMkdir not in flight; initializing
17 silly cache afterAdd checkforce.js@1.0.0
18 verbose afterAdd /home/jaime/.npm/checkforce.js/1.0.0/package/package.json not in flight; writing
19 verbose correctMkdir /home/jaime/.npm correctMkdir not in flight; initializing
20 verbose afterAdd /home/jaime/.npm/checkforce.js/1.0.0/package/package.json written
21 silly publish { name: 'checkforce.js',
21 silly publish   version: '1.0.0',
21 silly publish   description: 'A library that helps to perform tasks to test strength of passwords',
21 silly publish   main: 'src/checkforce.js',
21 silly publish   scripts: { test: 'jasmine-node ./test', start: 'node server.js' },
21 silly publish   repository:
21 silly publish    { type: 'git',
21 silly publish      url: 'git+https://github.com/dejaneves/checkforce.js.git' },
21 silly publish   author: { name: 'Jaime Neves' },
21 silly publish   license: 'MIT',
21 silly publish   bugs: { url: 'https://github.com/dejaneves/checkforce.js/issues' },
21 silly publish   homepage: 'https://github.com/dejaneves/checkforce.js#readme',
21 silly publish   devDependencies:
21 silly publish    { express: '^4.14.0',
21 silly publish      'grunt-contrib-copy': '^1.0.0',
21 silly publish      'grunt-contrib-uglify': '^2.0.0',
21 silly publish      'jasmine-node': '^1.14.5' },
21 silly publish   readme: '# checkforce.js\nCheckforce.js is a lib that helps to perform tasks to test strength of passwords.\n\n## Installation\n\n### Bower\n\n```\nbower install checkforce --save\n```\n### NPM\n\n```\nnpm install checkforce.js --save\n```\n## Setup\n\n### Using the npm\n\n```js\nvar CheckForce = require(\'checkforce.js\');\nvar response = CheckForce(null,{\n    minimumChars:8,\n    maximumChars:12\n}).checkPasswordNode(\'password\');\n```\n\n### Using the browser\n\nFirst, include the script located on the `dist` folder.\n\n```html\n<script src="dist/checkforce.min.js"></script>\n```\n\n```html\n<body>\n  <input type="text" id="check">\n  <div class="viewport"></div>\n</body>\n```\n\n```js\nvar render = document.querySelector(\'.viewport\');\nCheckForce(\'#check\').checkPassword(function(response){\n  render.innerHTML = response.content;\n});\n```\n',
21 silly publish   readmeFilename: 'README.md',
21 silly publish   gitHead: '0b8e2a52d07614a9399b7e8c1d9517a7f92f188b',
21 silly publish   _id: 'checkforce.js@1.0.0',
21 silly publish   _shasum: '7b2b28b8ada3d8c766e61c4d272319ba2a54ae15',
21 silly publish   _from: '.' }
22 verbose getPublishConfig undefined
23 silly mapToRegistry name checkforce.js
24 silly mapToRegistry using default registry
25 silly mapToRegistry registry https://registry.npmjs.org/
26 silly mapToRegistry data Result {
26 silly mapToRegistry   raw: 'checkforce.js',
26 silly mapToRegistry   scope: null,
26 silly mapToRegistry   name: 'checkforce.js',
26 silly mapToRegistry   rawSpec: '',
26 silly mapToRegistry   spec: 'latest',
26 silly mapToRegistry   type: 'tag' }
27 silly mapToRegistry uri https://registry.npmjs.org/checkforce.js
28 verbose publish registryBase https://registry.npmjs.org/
29 silly publish uploading /home/jaime/.npm/checkforce.js/1.0.0/package.tgz
30 verbose request uri https://registry.npmjs.org/checkforce.js
31 verbose request sending authorization for write operation
32 info attempt registry request try #1 at 3:50:32 PM
33 verbose request using bearer token for auth
34 verbose request id ca55e338d8176b5f
35 http request PUT https://registry.npmjs.org/checkforce.js
36 http 403 https://registry.npmjs.org/checkforce.js
37 verbose headers { 'content-type': 'application/json',
37 verbose headers   'cache-control': 'max-age=300',
37 verbose headers   'content-length': '95',
37 verbose headers   'accept-ranges': 'bytes',
37 verbose headers   date: 'Sun, 11 Sep 2016 19:50:33 GMT',
37 verbose headers   via: '1.1 varnish',
37 verbose headers   connection: 'keep-alive',
37 verbose headers   'x-served-by': 'cache-gru7124-GRU',
37 verbose headers   'x-cache': 'MISS',
37 verbose headers   'x-cache-hits': '0',
37 verbose headers   'x-timer': 'S1473623433.138852,VS0,VE790',
37 verbose headers   vary: 'Accept-Encoding' }
38 verbose request invalidating /home/jaime/.npm/registry.npmjs.org/checkforce.js on PUT
39 error publish Failed PUT 403
40 verbose stack Error: "You cannot publish over the previously published version 1.0.0." : checkforce.js
40 verbose stack     at makeError (/home/jaime/.nvm/versions/node/v5.12.0/lib/node_modules/npm/node_modules/npm-registry-client/lib/request.js:264:12)
40 verbose stack     at CachingRegistryClient.<anonymous> (/home/jaime/.nvm/versions/node/v5.12.0/lib/node_modules/npm/node_modules/npm-registry-client/lib/request.js:252:14)
40 verbose stack     at Request._callback (/home/jaime/.nvm/versions/node/v5.12.0/lib/node_modules/npm/node_modules/npm-registry-client/lib/request.js:172:14)
40 verbose stack     at Request.self.callback (/home/jaime/.nvm/versions/node/v5.12.0/lib/node_modules/npm/node_modules/request/request.js:199:22)
40 verbose stack     at emitTwo (events.js:100:13)
40 verbose stack     at Request.emit (events.js:185:7)
40 verbose stack     at Request.<anonymous> (/home/jaime/.nvm/versions/node/v5.12.0/lib/node_modules/npm/node_modules/request/request.js:1036:10)
40 verbose stack     at emitOne (events.js:95:20)
40 verbose stack     at Request.emit (events.js:182:7)
40 verbose stack     at IncomingMessage.<anonymous> (/home/jaime/.nvm/versions/node/v5.12.0/lib/node_modules/npm/node_modules/request/request.js:963:12)
41 verbose statusCode 403
42 verbose pkgid checkforce.js
43 verbose cwd /var/www/checkforce.js
44 error Linux 4.4.0-36-generic
45 error argv "/home/jaime/.nvm/versions/node/v5.12.0/bin/node" "/home/jaime/.nvm/versions/node/v5.12.0/bin/npm" "publish"
46 error node v5.12.0
47 error npm  v3.8.6
48 error code E403
49 error "You cannot publish over the previously published version 1.0.0." : checkforce.js
50 error If you need help, you may report this error at:
50 error     <https://github.com/npm/npm/issues>
51 verbose exit [ 1, true ]
